INFO 2025-12-05 10:17:05,264 autoreload Watching for file changes with StatReloader
INFO 2025-12-05 10:17:15,270 basehttp "GET /api/user/roles/ HTTP/1.1" 200 277
INFO 2025-12-05 10:17:15,369 basehttp "GET /api/course/list/ HTTP/1.1" 200 195
INFO 2025-12-05 10:17:15,444 basehttp "GET /api/user/roles/ HTTP/1.1" 200 277
INFO 2025-12-05 10:17:15,465 basehttp "GET /api/course/list/ HTTP/1.1" 200 195
ERROR 2025-12-05 10:17:15,742 log Internal Server Error: /api/result/Subject_Wise_Practice/
ERROR 2025-12-05 10:17:15,744 basehttp "GET /api/result/Subject_Wise_Practice/?student_id=null&course_id=1&test_type=fullLength HTTP/1.1" 500 43
INFO 2025-12-05 10:19:40,329 basehttp "GET /api/course/list/ HTTP/1.1" 200 195
INFO 2025-12-05 10:19:40,446 basehttp "GET /api/course/list/ HTTP/1.1" 200 195
INFO 2025-12-05 10:19:40,685 basehttp "GET /api/result/Subject_Wise_Practice/?student_id=73&course_id=1&test_type=fullLength HTTP/1.1" 200 247
INFO 2025-12-05 10:19:44,085 basehttp "GET /api/result/Subject_Wise_Practice/?student_id=73&course_id=1&test_type=practiceTest HTTP/1.1" 200 249
INFO 2025-12-05 10:19:47,439 basehttp "GET /api/result/Subject_Wise_Practice/?student_id=73&course_id=1&test_type=fullLength HTTP/1.1" 200 247
INFO 2025-12-05 10:19:50,501 basehttp "GET /api/result/Subject_Wise_Practice/?student_id=73&course_id=1&test_type=practiceTest HTTP/1.1" 200 249
INFO 2025-12-05 10:19:53,147 basehttp "GET /api/result/Subject_Wise_Practice/?student_id=73&course_id=1&test_type=fullLength HTTP/1.1" 200 247
INFO 2025-12-05 10:19:55,493 basehttp "GET /api/result/Subject_Wise_Practice/?student_id=73&course_id=2&test_type=fullLength HTTP/1.1" 200 234
INFO 2025-12-05 10:19:57,906 basehttp "GET /api/result/Subject_Wise_Practice/?student_id=73&course_id=1&test_type=fullLength HTTP/1.1" 200 247
INFO 2025-12-05 10:22:24,566 autoreload C:\Users\OneTouch\Desktop\prashant_data\Backend-20250224T100201Z-001\Backend\test_manager\views.py changed, reloading.
INFO 2025-12-05 10:22:26,165 autoreload Watching for file changes with StatReloader
INFO 2025-12-05 10:23:30,539 basehttp "GET /api/course/list/ HTTP/1.1" 200 195
INFO 2025-12-05 10:23:30,618 basehttp "GET /api/course/list/ HTTP/1.1" 200 195
INFO 2025-12-05 10:23:30,799 basehttp "GET /api/result/Subject_Wise_Practice/?student_id=73&course_id=1&test_type=fullLength HTTP/1.1" 200 247
INFO 2025-12-05 10:23:30,908 basehttp "GET /api/result/Subject_Wise_Accuracy/?student_id=73&course_id=1&test_type=fullLength HTTP/1.1" 200 237
INFO 2025-12-05 10:23:36,844 basehttp "GET /api/result/Subject_Wise_Practice/?student_id=73&course_id=1&test_type=practiceTest HTTP/1.1" 200 249
INFO 2025-12-05 10:23:36,865 basehttp "GET /api/result/Subject_Wise_Accuracy/?student_id=73&course_id=1&test_type=practiceTest HTTP/1.1" 200 239
INFO 2025-12-05 10:23:39,490 basehttp "GET /api/result/Subject_Wise_Practice/?student_id=73&course_id=1&test_type=fullLength HTTP/1.1" 200 247
INFO 2025-12-05 10:23:39,492 basehttp "GET /api/result/Subject_Wise_Accuracy/?student_id=73&course_id=1&test_type=fullLength HTTP/1.1" 200 237
INFO 2025-12-05 10:23:41,093 basehttp "GET /api/result/Subject_Wise_Practice/?student_id=73&course_id=1&test_type=practiceTest HTTP/1.1" 200 249
INFO 2025-12-05 10:23:41,099 basehttp "GET /api/result/Subject_Wise_Accuracy/?student_id=73&course_id=1&test_type=practiceTest HTTP/1.1" 200 239
INFO 2025-12-05 10:23:42,037 basehttp "GET /api/result/Subject_Wise_Accuracy/?student_id=73&course_id=1&test_type=fullLength HTTP/1.1" 200 237
INFO 2025-12-05 10:23:42,039 basehttp "GET /api/result/Subject_Wise_Practice/?student_id=73&course_id=1&test_type=fullLength HTTP/1.1" 200 247
INFO 2025-12-05 10:23:43,356 basehttp "GET /api/result/Subject_Wise_Practice/?student_id=73&course_id=1&test_type=practiceTest HTTP/1.1" 200 249
INFO 2025-12-05 10:23:43,362 basehttp "GET /api/result/Subject_Wise_Accuracy/?student_id=73&course_id=1&test_type=practiceTest HTTP/1.1" 200 239
INFO 2025-12-05 10:23:45,245 basehttp "GET /api/result/Subject_Wise_Accuracy/?student_id=73&course_id=1&test_type=fullLength HTTP/1.1" 200 237
INFO 2025-12-05 10:23:45,348 basehttp "GET /api/result/Subject_Wise_Practice/?student_id=73&course_id=1&test_type=fullLength HTTP/1.1" 200 247
INFO 2025-12-05 10:23:48,719 basehttp "GET /api/result/Subject_Wise_Accuracy/?student_id=73&course_id=2&test_type=fullLength HTTP/1.1" 200 226
INFO 2025-12-05 10:23:48,722 basehttp "GET /api/result/Subject_Wise_Practice/?student_id=73&course_id=2&test_type=fullLength HTTP/1.1" 200 234
INFO 2025-12-05 10:23:50,861 basehttp "GET /api/result/Subject_Wise_Practice/?student_id=73&course_id=1&test_type=fullLength HTTP/1.1" 200 247
INFO 2025-12-05 10:23:50,867 basehttp "GET /api/result/Subject_Wise_Accuracy/?student_id=73&course_id=1&test_type=fullLength HTTP/1.1" 200 237
INFO 2025-12-05 10:24:17,885 basehttp "GET /api/course/list/ HTTP/1.1" 200 195
INFO 2025-12-05 10:24:17,891 basehttp "GET /api/user/roles/ HTTP/1.1" 200 277
INFO 2025-12-05 10:24:18,086 basehttp "GET /api/user/roles/ HTTP/1.1" 200 277
INFO 2025-12-05 10:24:18,214 basehttp "GET /api/course/list/ HTTP/1.1" 200 195
INFO 2025-12-05 10:24:18,236 basehttp "GET /api/result/Subject_Wise_Accuracy/?student_id=73&course_id=1&test_type=fullLength HTTP/1.1" 200 237
INFO 2025-12-05 10:24:18,256 basehttp "GET /api/result/Subject_Wise_Practice/?student_id=73&course_id=1&test_type=fullLength HTTP/1.1" 200 247
INFO 2025-12-05 10:24:56,346 basehttp "GET /api/result/Subject_Wise_Practice/?student_id=73&course_id=1&test_type=practice HTTP/1.1" 200 7207
WARNING 2025-12-05 10:24:56,529 log Not Found: /static/rest_framework/css/default.css
WARNING 2025-12-05 10:24:56,529 basehttp "GET /static/rest_framework/css/default.css HTTP/1.1" 404 179
WARNING 2025-12-05 10:24:56,687 log Not Found: /favicon.ico
WARNING 2025-12-05 10:24:56,687 basehttp "GET /favicon.ico HTTP/1.1" 404 179
INFO 2025-12-05 10:38:30,376 autoreload C:\Users\OneTouch\Desktop\prashant_data\Backend-20250224T100201Z-001\Backend\test_manager\views.py changed, reloading.
INFO 2025-12-05 10:38:35,224 autoreload Watching for file changes with StatReloader
INFO 2025-12-05 10:38:42,294 basehttp "GET /api/user/roles/ HTTP/1.1" 200 277
INFO 2025-12-05 10:38:42,398 basehttp "GET /api/course/list/ HTTP/1.1" 200 195
INFO 2025-12-05 10:38:42,440 basehttp "GET /api/user/roles/ HTTP/1.1" 200 277
INFO 2025-12-05 10:38:42,483 basehttp "GET /api/course/list/ HTTP/1.1" 200 195
INFO 2025-12-05 10:38:42,638 basehttp "GET /api/result/Subject_Wise_Practice/?student_id=73&course_id=1&test_type=fullLength HTTP/1.1" 200 247
INFO 2025-12-05 10:38:42,650 basehttp "GET /api/result/Subject_Wise_Accuracy/?student_id=73&course_id=1&test_type=fullLength HTTP/1.1" 200 236
INFO 2025-12-05 10:39:22,372 basehttp "GET /api/result/Subject_Wise_Practice/?student_id=73&course_id=1&test_type=practiceTest HTTP/1.1" 200 249
INFO 2025-12-05 10:39:22,374 basehttp "GET /api/result/Subject_Wise_Accuracy/?student_id=73&course_id=1&test_type=practiceTest HTTP/1.1" 200 235
INFO 2025-12-05 10:39:26,356 basehttp "GET /api/result/Subject_Wise_Accuracy/?student_id=73&course_id=1&test_type=fullLength HTTP/1.1" 200 236
INFO 2025-12-05 10:39:26,395 basehttp "GET /api/result/Subject_Wise_Practice/?student_id=73&course_id=1&test_type=fullLength HTTP/1.1" 200 247
INFO 2025-12-05 10:39:34,485 basehttp "GET /api/result/Subject_Wise_Accuracy/?student_id=73&course_id=2&test_type=fullLength HTTP/1.1" 200 224
INFO 2025-12-05 10:39:34,486 basehttp "GET /api/result/Subject_Wise_Practice/?student_id=73&course_id=2&test_type=fullLength HTTP/1.1" 200 234
INFO 2025-12-05 10:39:36,970 basehttp "GET /api/result/Subject_Wise_Accuracy/?student_id=73&course_id=1&test_type=fullLength HTTP/1.1" 200 236
INFO 2025-12-05 10:39:36,976 basehttp "GET /api/result/Subject_Wise_Practice/?student_id=73&course_id=1&test_type=fullLength HTTP/1.1" 200 247
INFO 2025-12-05 10:40:58,802 basehttp "GET /api/course/list/ HTTP/1.1" 200 195
INFO 2025-12-05 10:40:58,885 basehttp "GET /api/course/list/ HTTP/1.1" 200 195
INFO 2025-12-05 10:40:59,023 basehttp "GET /api/result/Subject_Wise_Practice/?student_id=73&course_id=1&test_type=fullLength HTTP/1.1" 200 247
INFO 2025-12-05 10:41:41,442 basehttp "GET /api/course/list/ HTTP/1.1" 200 195
INFO 2025-12-05 10:41:41,510 basehttp "GET /api/course/list/ HTTP/1.1" 200 195
INFO 2025-12-05 10:41:41,702 basehttp "GET /api/result/Subject_Wise_Practice/?student_id=73&course_id=1&test_type=fullLength HTTP/1.1" 200 247
INFO 2025-12-05 10:41:41,715 basehttp "GET /api/result/Subject_Wise_Accuracy/?student_id=73&course_id=1&test_type=fullLength HTTP/1.1" 200 236
INFO 2025-12-05 10:43:54,319 basehttp "GET /api/result/Subject_Wise_Practice/?student_id=73&course_id=1&test_type=practiceTest HTTP/1.1" 200 249
INFO 2025-12-05 10:43:54,320 basehttp "GET /api/result/Subject_Wise_Accuracy/?student_id=73&course_id=1&test_type=practiceTest HTTP/1.1" 200 235
INFO 2025-12-05 10:43:56,090 basehttp "GET /api/result/Subject_Wise_Practice/?student_id=73&course_id=1&test_type=fullLength HTTP/1.1" 200 247
INFO 2025-12-05 10:43:56,095 basehttp "GET /api/result/Subject_Wise_Accuracy/?student_id=73&course_id=1&test_type=fullLength HTTP/1.1" 200 236
INFO 2025-12-05 10:44:00,055 basehttp "GET /api/result/Subject_Wise_Accuracy/?student_id=73&course_id=1&test_type=practiceTest HTTP/1.1" 200 235
INFO 2025-12-05 10:44:00,080 basehttp "GET /api/result/Subject_Wise_Practice/?student_id=73&course_id=1&test_type=practiceTest HTTP/1.1" 200 249
INFO 2025-12-05 10:44:02,655 basehttp "GET /api/result/Subject_Wise_Practice/?student_id=73&course_id=1&test_type=fullLength HTTP/1.1" 200 247
INFO 2025-12-05 10:44:02,670 basehttp "GET /api/result/Subject_Wise_Accuracy/?student_id=73&course_id=1&test_type=fullLength HTTP/1.1" 200 236
INFO 2025-12-05 10:44:05,258 basehttp "GET /api/result/Subject_Wise_Practice/?student_id=73&course_id=2&test_type=fullLength HTTP/1.1" 200 234
INFO 2025-12-05 10:44:05,259 basehttp "GET /api/result/Subject_Wise_Accuracy/?student_id=73&course_id=2&test_type=fullLength HTTP/1.1" 200 224
INFO 2025-12-05 10:44:07,286 basehttp "GET /api/result/Subject_Wise_Practice/?student_id=73&course_id=1&test_type=fullLength HTTP/1.1" 200 247
INFO 2025-12-05 10:44:07,287 basehttp "GET /api/result/Subject_Wise_Accuracy/?student_id=73&course_id=1&test_type=fullLength HTTP/1.1" 200 236
INFO 2025-12-05 10:44:09,867 basehttp "GET /api/result/Subject_Wise_Practice/?student_id=73&course_id=1&test_type=practiceTest HTTP/1.1" 200 249
INFO 2025-12-05 10:44:09,869 basehttp "GET /api/result/Subject_Wise_Accuracy/?student_id=73&course_id=1&test_type=practiceTest HTTP/1.1" 200 235
INFO 2025-12-05 10:44:11,389 basehttp "GET /api/result/Subject_Wise_Practice/?student_id=73&course_id=1&test_type=fullLength HTTP/1.1" 200 247
INFO 2025-12-05 10:44:11,390 basehttp "GET /api/result/Subject_Wise_Accuracy/?student_id=73&course_id=1&test_type=fullLength HTTP/1.1" 200 236
INFO 2025-12-05 10:44:13,762 basehttp "GET /api/result/Subject_Wise_Practice/?student_id=73&course_id=2&test_type=fullLength HTTP/1.1" 200 234
INFO 2025-12-05 10:44:13,767 basehttp "GET /api/result/Subject_Wise_Accuracy/?student_id=73&course_id=2&test_type=fullLength HTTP/1.1" 200 224
INFO 2025-12-05 10:44:15,045 basehttp "GET /api/result/Subject_Wise_Practice/?student_id=73&course_id=1&test_type=fullLength HTTP/1.1" 200 247
INFO 2025-12-05 10:44:15,052 basehttp "GET /api/result/Subject_Wise_Accuracy/?student_id=73&course_id=1&test_type=fullLength HTTP/1.1" 200 236
INFO 2025-12-05 10:47:51,442 autoreload C:\Users\OneTouch\Desktop\prashant_data\Backend-20250224T100201Z-001\Backend\test_manager\views.py changed, reloading.
INFO 2025-12-05 10:47:52,724 autoreload Watching for file changes with StatReloader
INFO 2025-12-05 10:49:41,370 basehttp "GET /api/course/list/ HTTP/1.1" 200 195
INFO 2025-12-05 10:49:41,446 basehttp "GET /api/course/list/ HTTP/1.1" 200 195
INFO 2025-12-05 10:49:41,548 basehttp "GET /api/result/Subject_Wise_Accuracy/?student_id=73&course_id=1&test_type=fullLength HTTP/1.1" 200 236
INFO 2025-12-05 10:49:41,553 basehttp "GET /api/result/Subject_Wise_Practice/?student_id=73&course_id=1&test_type=fullLength HTTP/1.1" 200 247
INFO 2025-12-05 10:49:41,701 basehttp "GET /api/result/Subject_Wise_Time/?student_id=73&course_id=1&test_type=fullLength HTTP/1.1" 200 242
INFO 2025-12-05 10:49:47,792 basehttp "GET /api/result/Subject_Wise_Accuracy/?student_id=73&course_id=1&test_type=practiceTest HTTP/1.1" 200 235
INFO 2025-12-05 10:49:47,793 basehttp "GET /api/result/Subject_Wise_Practice/?student_id=73&course_id=1&test_type=practiceTest HTTP/1.1" 200 249
INFO 2025-12-05 10:49:47,910 basehttp "GET /api/result/Subject_Wise_Time/?student_id=73&course_id=1&test_type=practiceTest HTTP/1.1" 200 243
INFO 2025-12-05 10:49:54,833 basehttp "GET /api/result/Subject_Wise_Accuracy/?student_id=73&course_id=1&test_type=fullLength HTTP/1.1" 200 236
INFO 2025-12-05 10:49:54,842 basehttp "GET /api/result/Subject_Wise_Practice/?student_id=73&course_id=1&test_type=fullLength HTTP/1.1" 200 247
INFO 2025-12-05 10:49:54,867 basehttp "GET /api/result/Subject_Wise_Time/?student_id=73&course_id=1&test_type=fullLength HTTP/1.1" 200 242
INFO 2025-12-05 10:49:59,009 basehttp "GET /api/result/Subject_Wise_Time/?student_id=73&course_id=2&test_type=fullLength HTTP/1.1" 200 230
INFO 2025-12-05 10:49:59,029 basehttp "GET /api/result/Subject_Wise_Practice/?student_id=73&course_id=2&test_type=fullLength HTTP/1.1" 200 234
INFO 2025-12-05 10:49:59,030 basehttp "GET /api/result/Subject_Wise_Accuracy/?student_id=73&course_id=2&test_type=fullLength HTTP/1.1" 200 224
INFO 2025-12-05 10:50:01,311 basehttp "GET /api/result/Subject_Wise_Accuracy/?student_id=73&course_id=1&test_type=fullLength HTTP/1.1" 200 236
INFO 2025-12-05 10:50:01,313 basehttp "GET /api/result/Subject_Wise_Time/?student_id=73&course_id=1&test_type=fullLength HTTP/1.1" 200 242
INFO 2025-12-05 10:50:01,414 basehttp "GET /api/result/Subject_Wise_Practice/?student_id=73&course_id=1&test_type=fullLength HTTP/1.1" 200 247
INFO 2025-12-05 10:50:47,024 basehttp "GET /api/result/Subject_Wise_Time/?student_id=73&course_id=1&test_type=practiceTest HTTP/1.1" 200 243
INFO 2025-12-05 10:50:47,032 basehttp "GET /api/result/Subject_Wise_Accuracy/?student_id=73&course_id=1&test_type=practiceTest HTTP/1.1" 200 235
INFO 2025-12-05 10:50:47,036 basehttp "GET /api/result/Subject_Wise_Practice/?student_id=73&course_id=1&test_type=practiceTest HTTP/1.1" 200 249
INFO 2025-12-05 10:50:52,087 basehttp "GET /api/result/Subject_Wise_Practice/?student_id=73&course_id=1&test_type=fullLength HTTP/1.1" 200 247
INFO 2025-12-05 10:50:52,099 basehttp "GET /api/result/Subject_Wise_Time/?student_id=73&course_id=1&test_type=fullLength HTTP/1.1" 200 242
INFO 2025-12-05 10:50:52,103 basehttp "GET /api/result/Subject_Wise_Accuracy/?student_id=73&course_id=1&test_type=fullLength HTTP/1.1" 200 236
INFO 2025-12-05 10:52:40,128 basehttp "GET /api/result/Subject_Wise_Accuracy/?student_id=73&course_id=1&test_type=practiceTest HTTP/1.1" 200 235
INFO 2025-12-05 10:52:40,129 basehttp "GET /api/result/Subject_Wise_Practice/?student_id=73&course_id=1&test_type=practiceTest HTTP/1.1" 200 249
INFO 2025-12-05 10:52:40,139 basehttp "GET /api/result/Subject_Wise_Time/?student_id=73&course_id=1&test_type=practiceTest HTTP/1.1" 200 243
INFO 2025-12-05 10:52:52,150 basehttp "GET /api/result/Subject_Wise_Accuracy/?student_id=73&course_id=1&test_type=fullLength HTTP/1.1" 200 236
INFO 2025-12-05 10:52:52,151 basehttp "GET /api/result/Subject_Wise_Time/?student_id=73&course_id=1&test_type=fullLength HTTP/1.1" 200 242
INFO 2025-12-05 10:52:52,152 basehttp "GET /api/result/Subject_Wise_Practice/?student_id=73&course_id=1&test_type=fullLength HTTP/1.1" 200 247
INFO 2025-12-05 10:53:23,683 basehttp "GET /api/result/Subject_Wise_Time/?student_id=73&course_id=2&test_type=fullLength HTTP/1.1" 200 230
INFO 2025-12-05 10:53:23,684 basehttp "GET /api/result/Subject_Wise_Accuracy/?student_id=73&course_id=2&test_type=fullLength HTTP/1.1" 200 224
INFO 2025-12-05 10:53:23,806 basehttp "GET /api/result/Subject_Wise_Practice/?student_id=73&course_id=2&test_type=fullLength HTTP/1.1" 200 234
INFO 2025-12-05 10:53:26,176 basehttp "GET /api/result/Subject_Wise_Time/?student_id=73&course_id=1&test_type=fullLength HTTP/1.1" 200 242
INFO 2025-12-05 10:53:26,183 basehttp "GET /api/result/Subject_Wise_Accuracy/?student_id=73&course_id=1&test_type=fullLength HTTP/1.1" 200 236
INFO 2025-12-05 10:53:26,194 basehttp "GET /api/result/Subject_Wise_Practice/?student_id=73&course_id=1&test_type=fullLength HTTP/1.1" 200 247
INFO 2025-12-05 10:53:31,484 basehttp "GET /api/result/Subject_Wise_Accuracy/?student_id=73&course_id=1&test_type=practiceTest HTTP/1.1" 200 235
INFO 2025-12-05 10:53:31,500 basehttp "GET /api/result/Subject_Wise_Time/?student_id=73&course_id=1&test_type=practiceTest HTTP/1.1" 200 243
INFO 2025-12-05 10:53:31,501 basehttp "GET /api/result/Subject_Wise_Practice/?student_id=73&course_id=1&test_type=practiceTest HTTP/1.1" 200 249
INFO 2025-12-05 10:53:33,808 basehttp "GET /api/result/Subject_Wise_Accuracy/?student_id=73&course_id=1&test_type=fullLength HTTP/1.1" 200 236
INFO 2025-12-05 10:53:33,810 basehttp "GET /api/result/Subject_Wise_Time/?student_id=73&course_id=1&test_type=fullLength HTTP/1.1" 200 242
INFO 2025-12-05 10:53:33,812 basehttp "GET /api/result/Subject_Wise_Practice/?student_id=73&course_id=1&test_type=fullLength HTTP/1.1" 200 247
INFO 2025-12-05 10:55:34,500 basehttp "GET /api/result/Subject_Wise_Practice/?student_id=73&course_id=1&test_type=practiceTest HTTP/1.1" 200 249
INFO 2025-12-05 10:55:34,513 basehttp "GET /api/result/Subject_Wise_Time/?student_id=73&course_id=1&test_type=practiceTest HTTP/1.1" 200 243
INFO 2025-12-05 10:55:34,515 basehttp "GET /api/result/Subject_Wise_Accuracy/?student_id=73&course_id=1&test_type=practiceTest HTTP/1.1" 200 235
INFO 2025-12-05 10:55:36,128 basehttp "GET /api/result/Subject_Wise_Accuracy/?student_id=73&course_id=1&test_type=fullLength HTTP/1.1" 200 236
INFO 2025-12-05 10:55:36,130 basehttp "GET /api/result/Subject_Wise_Time/?student_id=73&course_id=1&test_type=fullLength HTTP/1.1" 200 242
INFO 2025-12-05 10:55:36,131 basehttp "GET /api/result/Subject_Wise_Practice/?student_id=73&course_id=1&test_type=fullLength HTTP/1.1" 200 247
INFO 2025-12-05 10:55:40,573 basehttp "GET /api/result/Subject_Wise_Practice/?student_id=73&course_id=2&test_type=fullLength HTTP/1.1" 200 234
INFO 2025-12-05 10:55:40,574 basehttp "GET /api/result/Subject_Wise_Time/?student_id=73&course_id=2&test_type=fullLength HTTP/1.1" 200 230
INFO 2025-12-05 10:55:40,598 basehttp "GET /api/result/Subject_Wise_Accuracy/?student_id=73&course_id=2&test_type=fullLength HTTP/1.1" 200 224
INFO 2025-12-05 10:55:45,210 basehttp "GET /api/result/Subject_Wise_Practice/?student_id=73&course_id=29&test_type=fullLength HTTP/1.1" 200 140
INFO 2025-12-05 10:55:45,211 basehttp "GET /api/result/Subject_Wise_Accuracy/?student_id=73&course_id=29&test_type=fullLength HTTP/1.1" 200 136
INFO 2025-12-05 10:55:45,214 basehttp "GET /api/result/Subject_Wise_Time/?student_id=73&course_id=29&test_type=fullLength HTTP/1.1" 200 139
INFO 2025-12-05 10:55:54,111 basehttp "GET /api/result/Subject_Wise_Practice/?student_id=73&course_id=30&test_type=fullLength HTTP/1.1" 200 240
INFO 2025-12-05 10:55:54,136 basehttp "GET /api/result/Subject_Wise_Time/?student_id=73&course_id=30&test_type=fullLength HTTP/1.1" 200 241
INFO 2025-12-05 10:55:54,137 basehttp "GET /api/result/Subject_Wise_Accuracy/?student_id=73&course_id=30&test_type=fullLength HTTP/1.1" 200 230
INFO 2025-12-05 10:56:03,186 basehttp "GET /api/result/Subject_Wise_Accuracy/?student_id=73&course_id=30&test_type=practiceTest HTTP/1.1" 200 228
INFO 2025-12-05 10:56:03,265 basehttp "GET /api/result/Subject_Wise_Time/?student_id=73&course_id=30&test_type=practiceTest HTTP/1.1" 200 234
INFO 2025-12-05 10:56:03,292 basehttp "GET /api/result/Subject_Wise_Practice/?student_id=73&course_id=30&test_type=practiceTest HTTP/1.1" 200 240
INFO 2025-12-05 10:56:05,879 basehttp "GET /api/result/Subject_Wise_Accuracy/?student_id=73&course_id=30&test_type=fullLength HTTP/1.1" 200 230
INFO 2025-12-05 10:56:05,886 basehttp "GET /api/result/Subject_Wise_Time/?student_id=73&course_id=30&test_type=fullLength HTTP/1.1" 200 241
INFO 2025-12-05 10:56:05,891 basehttp "GET /api/result/Subject_Wise_Practice/?student_id=73&course_id=30&test_type=fullLength HTTP/1.1" 200 240
INFO 2025-12-05 10:56:28,448 basehttp "GET /api/result/Subject_Wise_Accuracy/?student_id=73&course_id=31&test_type=fullLength HTTP/1.1" 200 114
INFO 2025-12-05 10:56:28,453 basehttp "GET /api/result/Subject_Wise_Practice/?student_id=73&course_id=31&test_type=fullLength HTTP/1.1" 200 119
INFO 2025-12-05 10:56:28,480 basehttp "GET /api/result/Subject_Wise_Time/?student_id=73&course_id=31&test_type=fullLength HTTP/1.1" 200 120
INFO 2025-12-05 10:56:35,972 basehttp "GET /api/result/Subject_Wise_Accuracy/?student_id=73&course_id=32&test_type=fullLength HTTP/1.1" 200 116
INFO 2025-12-05 10:56:35,976 basehttp "GET /api/result/Subject_Wise_Time/?student_id=73&course_id=32&test_type=fullLength HTTP/1.1" 200 124
INFO 2025-12-05 10:56:35,977 basehttp "GET /api/result/Subject_Wise_Practice/?student_id=73&course_id=32&test_type=fullLength HTTP/1.1" 200 122
INFO 2025-12-05 10:56:38,514 basehttp "GET /api/result/Subject_Wise_Practice/?student_id=73&course_id=31&test_type=fullLength HTTP/1.1" 200 119
INFO 2025-12-05 10:56:38,528 basehttp "GET /api/result/Subject_Wise_Accuracy/?student_id=73&course_id=31&test_type=fullLength HTTP/1.1" 200 114
INFO 2025-12-05 10:56:38,529 basehttp "GET /api/result/Subject_Wise_Time/?student_id=73&course_id=31&test_type=fullLength HTTP/1.1" 200 120
INFO 2025-12-05 10:56:40,262 basehttp "GET /api/result/Subject_Wise_Practice/?student_id=73&course_id=30&test_type=fullLength HTTP/1.1" 200 240
INFO 2025-12-05 10:56:40,265 basehttp "GET /api/result/Subject_Wise_Time/?student_id=73&course_id=30&test_type=fullLength HTTP/1.1" 200 241
INFO 2025-12-05 10:56:40,277 basehttp "GET /api/result/Subject_Wise_Accuracy/?student_id=73&course_id=30&test_type=fullLength HTTP/1.1" 200 230
INFO 2025-12-05 10:56:42,169 basehttp "GET /api/result/Subject_Wise_Accuracy/?student_id=73&course_id=29&test_type=fullLength HTTP/1.1" 200 136
INFO 2025-12-05 10:56:42,174 basehttp "GET /api/result/Subject_Wise_Practice/?student_id=73&course_id=29&test_type=fullLength HTTP/1.1" 200 140
INFO 2025-12-05 10:56:42,180 basehttp "GET /api/result/Subject_Wise_Time/?student_id=73&course_id=29&test_type=fullLength HTTP/1.1" 200 139
INFO 2025-12-05 10:56:57,208 basehttp "GET /api/result/Subject_Wise_Practice/?student_id=73&course_id=30&test_type=fullLength HTTP/1.1" 200 240
INFO 2025-12-05 10:56:57,213 basehttp "GET /api/result/Subject_Wise_Accuracy/?student_id=73&course_id=30&test_type=fullLength HTTP/1.1" 200 230
INFO 2025-12-05 10:56:57,216 basehttp "GET /api/result/Subject_Wise_Time/?student_id=73&course_id=30&test_type=fullLength HTTP/1.1" 200 241
INFO 2025-12-05 10:56:59,385 basehttp "GET /api/result/Subject_Wise_Practice/?student_id=73&course_id=2&test_type=fullLength HTTP/1.1" 200 234
INFO 2025-12-05 10:56:59,393 basehttp "GET /api/result/Subject_Wise_Accuracy/?student_id=73&course_id=2&test_type=fullLength HTTP/1.1" 200 224
INFO 2025-12-05 10:56:59,397 basehttp "GET /api/result/Subject_Wise_Time/?student_id=73&course_id=2&test_type=fullLength HTTP/1.1" 200 230
INFO 2025-12-05 10:57:04,233 basehttp "GET /api/result/Subject_Wise_Practice/?student_id=73&course_id=1&test_type=fullLength HTTP/1.1" 200 247
INFO 2025-12-05 10:57:04,241 basehttp "GET /api/result/Subject_Wise_Time/?student_id=73&course_id=1&test_type=fullLength HTTP/1.1" 200 242
INFO 2025-12-05 10:57:04,243 basehttp "GET /api/result/Subject_Wise_Accuracy/?student_id=73&course_id=1&test_type=fullLength HTTP/1.1" 200 236
INFO 2025-12-05 10:57:30,713 basehttp "GET /api/course/list/ HTTP/1.1" 200 195
INFO 2025-12-05 10:57:30,803 basehttp "GET /api/course/list/ HTTP/1.1" 200 195
INFO 2025-12-05 10:57:30,993 basehttp "GET /api/test/time-spent-per-day/?tab=fullLengthTest&course=1&date_range=last_month HTTP/1.1" 200 67
INFO 2025-12-05 10:57:31,100 basehttp "GET /api/course/list/ HTTP/1.1" 200 195
INFO 2025-12-05 10:57:31,177 basehttp "GET /api/course/1/subjects/ HTTP/1.1" 200 50
INFO 2025-12-05 10:57:31,221 basehttp "GET /api/course/list/ HTTP/1.1" 200 195
INFO 2025-12-05 10:57:31,301 basehttp "GET /api/test/student-test-scores/?student_id=73&course_id=1&subject_id=&date_range=last_month HTTP/1.1" 200 771
INFO 2025-12-05 10:57:31,303 basehttp "GET /api/course/list/ HTTP/1.1" 200 195
INFO 2025-12-05 10:57:31,323 basehttp "GET /api/test/tests-per-day/?date_range=last_month HTTP/1.1" 200 361
INFO 2025-12-05 10:57:31,380 basehttp "GET /api/test/test-stats/?date_range=last_month HTTP/1.1" 200 245
INFO 2025-12-05 10:57:31,455 basehttp "GET /api/course/list/ HTTP/1.1" 200 195
INFO 2025-12-05 10:57:31,520 basehttp "GET /api/test/tests-per-day/?date_range=last_month HTTP/1.1" 200 361
INFO 2025-12-05 10:57:31,590 basehttp "GET /api/test/test-stats/?date_range=last_month HTTP/1.1" 200 245
INFO 2025-12-05 10:57:31,986 basehttp "GET /api/test/key-strengths/?course_id=1&student_id=73&date_range=last_month HTTP/1.1" 200 492
INFO 2025-12-05 10:57:56,574 basehttp "OPTIONS /api/user/logout/ HTTP/1.1" 200 0
INFO 2025-12-05 10:57:56,945 basehttp "POST /api/user/logout/ HTTP/1.1" 200 36
INFO 2025-12-05 10:57:59,286 basehttp "GET /api/user/roles/ HTTP/1.1" 200 277
INFO 2025-12-05 10:57:59,342 basehttp "GET /api/user/roles/ HTTP/1.1" 200 277
WARNING 2025-12-05 10:57:59,356 log Forbidden: /api/user/session_validate/
WARNING 2025-12-05 10:57:59,357 basehttp "GET /api/user/session_validate/ HTTP/1.1" 403 58
WARNING 2025-12-05 10:57:59,361 log Forbidden: /api/user/session_validate/
WARNING 2025-12-05 10:57:59,362 basehttp "GET /api/user/session_validate/ HTTP/1.1" 403 58
WARNING 2025-12-05 10:57:59,365 log Forbidden: /api/user/session_validate/
WARNING 2025-12-05 10:57:59,365 basehttp "GET /api/user/session_validate/ HTTP/1.1" 403 58
WARNING 2025-12-05 10:57:59,371 log Forbidden: /api/user/session_validate/
WARNING 2025-12-05 10:57:59,378 basehttp "GET /api/user/session_validate/ HTTP/1.1" 403 58
INFO 2025-12-05 10:58:06,751 basehttp "POST /api/user/login/ HTTP/1.1" 200 220
INFO 2025-12-05 10:58:14,766 basehttp "OPTIONS /api/user/student-count-by-course/ HTTP/1.1" 200 0
INFO 2025-12-05 10:58:14,786 basehttp "OPTIONS /api/user/student-count-by-course/ HTTP/1.1" 200 0
INFO 2025-12-05 10:58:14,865 basehttp "GET /api/course/list/ HTTP/1.1" 200 195
INFO 2025-12-05 10:58:14,889 basehttp "GET /api/user/students-list/ HTTP/1.1" 200 1158
INFO 2025-12-05 10:58:14,926 basehttp "GET /api/notification/unread/?filter=last_month HTTP/1.1" 200 968
INFO 2025-12-05 10:58:14,940 basehttp "GET /api/question/question-count/ HTTP/1.1" 200 1610
INFO 2025-12-05 10:58:14,988 basehttp "GET /api/user/student-count-by-course/ HTTP/1.1" 200 300
INFO 2025-12-05 10:58:15,039 basehttp "GET /api/user/students-list/ HTTP/1.1" 200 1158
INFO 2025-12-05 10:58:15,060 basehttp "GET /api/course/list/ HTTP/1.1" 200 195
INFO 2025-12-05 10:58:15,087 basehttp "GET /api/notification/unread/?filter=last_month HTTP/1.1" 200 968
INFO 2025-12-05 10:58:15,140 basehttp "GET /api/user/student-count-by-course/ HTTP/1.1" 200 300
INFO 2025-12-05 10:58:15,203 basehttp "GET /api/question/question-count/ HTTP/1.1" 200 1610
INFO 2025-12-05 10:58:15,333 basehttp "GET /api/test/full-list/?course_id=1 HTTP/1.1" 200 3409
INFO 2025-12-05 10:58:15,460 basehttp "GET /api/test/course-wise-time/?date_range=last_month&student_id=&course_id=1 HTTP/1.1" 200 439
INFO 2025-12-05 10:58:15,700 basehttp "GET /api/test/course-wise-time/?date_range=last_month&student_id=&course_id=1&test_id= HTTP/1.1" 200 439
INFO 2025-12-05 10:58:17,524 basehttp "GET /api/test/key-strengths/?date_range=last_month&student_id=&course_id=1 HTTP/1.1" 200 492
INFO 2025-12-05 10:58:17,525 basehttp "GET /api/test/key-strengths/?date_range=last_month&student_id=&course_id=1&test_id= HTTP/1.1" 200 492
INFO 2025-12-05 10:58:42,916 basehttp "OPTIONS /api/course/ HTTP/1.1" 200 0
INFO 2025-12-05 10:58:42,919 basehttp "OPTIONS /api/course/ HTTP/1.1" 200 0
INFO 2025-12-05 10:58:43,453 basehttp "GET /api/course/ HTTP/1.1" 200 2450
INFO 2025-12-05 10:58:43,545 basehttp "GET /api/course/ HTTP/1.1" 200 2450
INFO 2025-12-05 10:58:43,693 basehttp "GET /api/course/constants/ HTTP/1.1" 200 8180
INFO 2025-12-05 10:58:43,795 basehttp "GET /api/course/constants/ HTTP/1.1" 200 8180
INFO 2025-12-05 10:58:44,067 basehttp "OPTIONS /api/course/1/questions/?page=1&question_type=&difficulty=&topic=&sub_topic=&test_type=&question_subtype=&option_text=&question_text=&srno=&is_active= HTTP/1.1" 200 0
INFO 2025-12-05 10:58:44,071 basehttp "OPTIONS /api/course/1/questions/?page=1&question_type=&difficulty=&topic=&sub_topic=&test_type=&question_subtype=&option_text=&question_text=&srno=&is_active= HTTP/1.1" 200 0
INFO 2025-12-05 10:58:44,071 basehttp "OPTIONS /api/course/1/questions/?page=1&question_type=&difficulty=&topic=&sub_topic=&test_type=&question_subtype=&option_text=&question_text=&srno=&is_active= HTTP/1.1" 200 0
INFO 2025-12-05 10:58:44,395 basehttp "GET /api/course/1/questions/?page=1&question_type=&difficulty=&topic=&sub_topic=&test_type=&question_subtype=&option_text=&question_text=&srno=&is_active= HTTP/1.1" 200 39454
INFO 2025-12-05 10:58:44,609 basehttp "GET /api/course/1/questions/?page=1&question_type=&difficulty=&topic=&sub_topic=&test_type=&question_subtype=&option_text=&question_text=&srno=&is_active= HTTP/1.1" 200 39454
INFO 2025-12-05 10:58:44,961 basehttp "GET /api/course/1/questions/?page=1&question_type=&difficulty=&topic=&sub_topic=&test_type=&question_subtype=&option_text=&question_text=&srno=&is_active= HTTP/1.1" 200 39454
INFO 2025-12-05 10:58:53,720 basehttp "GET /api/course/ HTTP/1.1" 200 2450
INFO 2025-12-05 10:58:53,760 basehttp "GET /api/user/roles/ HTTP/1.1" 200 277
INFO 2025-12-05 10:58:53,816 basehttp "GET /api/course/ HTTP/1.1" 200 2450
INFO 2025-12-05 10:58:53,864 basehttp "GET /api/user/roles/ HTTP/1.1" 200 277
INFO 2025-12-05 10:58:54,504 basehttp "GET /api/user/?size=10 HTTP/1.1" 200 5282
INFO 2025-12-05 10:58:54,643 basehttp "GET /api/user/?size=10 HTTP/1.1" 200 5282
INFO 2025-12-05 10:58:54,803 basehttp "GET /api/user/?page=1&size=10 HTTP/1.1" 200 5282
INFO 2025-12-05 10:58:56,881 basehttp "GET /api/user/?search=v&page=1&size=10 HTTP/1.1" 200 5549
INFO 2025-12-05 10:58:57,212 basehttp "GET /api/user/?search=ve&page=1&size=10 HTTP/1.1" 200 5067
INFO 2025-12-05 10:59:06,200 basehttp "OPTIONS /api/user/?role=3 HTTP/1.1" 200 0
INFO 2025-12-05 10:59:06,265 basehttp "OPTIONS /api/user/?role=2 HTTP/1.1" 200 0
INFO 2025-12-05 10:59:06,443 basehttp "GET /api/user/?role=3 HTTP/1.1" 200 85
INFO 2025-12-05 10:59:06,448 basehttp "GET /api/course/ HTTP/1.1" 200 2450
INFO 2025-12-05 10:59:06,525 basehttp "GET /api/user/?role=2 HTTP/1.1" 200 85
INFO 2025-12-05 10:59:27,131 basehttp "GET /api/course/ HTTP/1.1" 200 2450
INFO 2025-12-05 10:59:27,292 basehttp "GET /api/course/ HTTP/1.1" 200 2450
INFO 2025-12-05 10:59:27,432 basehttp "GET /api/course/ HTTP/1.1" 200 2450
INFO 2025-12-05 10:59:32,566 basehttp "POST /api/user/logout/ HTTP/1.1" 200 36
INFO 2025-12-05 10:59:36,811 basehttp "GET /api/user/roles/ HTTP/1.1" 200 277
WARNING 2025-12-05 10:59:36,856 log Forbidden: /api/user/session_validate/
WARNING 2025-12-05 10:59:36,921 basehttp "GET /api/user/session_validate/ HTTP/1.1" 403 58
INFO 2025-12-05 10:59:36,982 basehttp "GET /api/user/roles/ HTTP/1.1" 200 277
WARNING 2025-12-05 10:59:37,207 log Forbidden: /api/user/session_validate/
WARNING 2025-12-05 10:59:37,208 basehttp "GET /api/user/session_validate/ HTTP/1.1" 403 58
WARNING 2025-12-05 10:59:37,210 log Forbidden: /api/user/session_validate/
WARNING 2025-12-05 10:59:37,211 basehttp "GET /api/user/session_validate/ HTTP/1.1" 403 58
WARNING 2025-12-05 10:59:37,213 log Forbidden: /api/user/session_validate/
WARNING 2025-12-05 10:59:37,214 basehttp "GET /api/user/session_validate/ HTTP/1.1" 403 58
INFO 2025-12-05 11:00:04,486 basehttp "POST /api/user/login/ HTTP/1.1" 200 224
INFO 2025-12-05 11:00:05,745 basehttp "GET /api/course/list/ HTTP/1.1" 200 195
INFO 2025-12-05 11:00:05,860 basehttp "GET /api/test/tests-per-day/?date_range=last_month HTTP/1.1" 200 361
INFO 2025-12-05 11:00:05,924 basehttp "GET /api/test/test-stats/?date_range=last_month HTTP/1.1" 200 245
INFO 2025-12-05 11:00:06,005 basehttp "GET /api/course/list/ HTTP/1.1" 200 195
INFO 2025-12-05 11:00:06,153 basehttp "GET /api/test/tests-per-day/?date_range=last_month HTTP/1.1" 200 361
INFO 2025-12-05 11:00:06,205 basehttp "GET /api/test/test-stats/?date_range=last_month HTTP/1.1" 200 245
INFO 2025-12-05 11:00:06,274 basehttp "GET /api/course/list/ HTTP/1.1" 200 195
INFO 2025-12-05 11:00:06,600 basehttp "GET /api/course/list/ HTTP/1.1" 200 195
INFO 2025-12-05 11:00:06,670 basehttp "GET /api/course/list/ HTTP/1.1" 200 195
INFO 2025-12-05 11:00:06,721 basehttp "GET /api/test/time-spent-per-day/?tab=fullLengthTest&course=1&date_range=last_month HTTP/1.1" 200 67
INFO 2025-12-05 11:00:06,774 basehttp "GET /api/course/list/ HTTP/1.1" 200 195
INFO 2025-12-05 11:00:06,900 basehttp "GET /api/course/1/subjects/ HTTP/1.1" 200 50
INFO 2025-12-05 11:00:06,991 basehttp "GET /api/test/student-test-scores/?student_id=73&course_id=1&subject_id=&date_range=last_month HTTP/1.1" 200 771
INFO 2025-12-05 11:00:07,337 basehttp "GET /api/test/key-strengths/?course_id=1&student_id=73&date_range=last_month HTTP/1.1" 200 492
INFO 2025-12-05 11:00:17,114 basehttp "GET /api/course/list/ HTTP/1.1" 200 195
INFO 2025-12-05 11:00:17,200 basehttp "GET /api/course/list/ HTTP/1.1" 200 195
INFO 2025-12-05 11:00:17,328 basehttp "GET /api/result/Subject_Wise_Practice/?student_id=73&course_id=1&test_type=fullLength HTTP/1.1" 200 247
INFO 2025-12-05 11:00:17,400 basehttp "GET /api/result/Subject_Wise_Time/?student_id=73&course_id=1&test_type=fullLength HTTP/1.1" 200 242
INFO 2025-12-05 11:00:17,426 basehttp "GET /api/result/Subject_Wise_Accuracy/?student_id=73&course_id=1&test_type=fullLength HTTP/1.1" 200 236
INFO 2025-12-05 11:02:22,426 autoreload C:\Users\OneTouch\Desktop\prashant_data\Backend-20250224T100201Z-001\Backend\test_manager\views.py changed, reloading.
INFO 2025-12-05 11:02:24,667 autoreload Watching for file changes with StatReloader
INFO 2025-12-05 11:04:45,386 basehttp "GET /api/course/list/ HTTP/1.1" 200 195
INFO 2025-12-05 11:04:45,462 basehttp "GET /api/course/list/ HTTP/1.1" 200 195
INFO 2025-12-05 11:04:45,630 basehttp "GET /api/result/Subject_Wise_Accuracy/?student_id=73&course_id=1&test_type=fullLength HTTP/1.1" 200 236
INFO 2025-12-05 11:04:45,645 basehttp "GET /api/result/Subject_Wise_Practice/?student_id=73&course_id=1&test_type=fullLength HTTP/1.1" 200 247
INFO 2025-12-05 11:04:45,755 basehttp "GET /api/result/Subject_Wise_Time/?student_id=73&course_id=1&test_type=fullLength HTTP/1.1" 200 242
INFO 2025-12-05 11:04:45,814 basehttp "GET /api/result/Date_Wise_Time/?student_id=73&course_id=1&test_type=fullLength HTTP/1.1" 200 73
INFO 2025-12-05 11:09:37,703 basehttp "GET /api/user/roles/ HTTP/1.1" 200 277
INFO 2025-12-05 11:09:37,780 basehttp "GET /api/course/list/ HTTP/1.1" 200 195
INFO 2025-12-05 11:09:37,817 basehttp "GET /api/user/roles/ HTTP/1.1" 200 277
INFO 2025-12-05 11:09:37,916 basehttp "GET /api/course/list/ HTTP/1.1" 200 195
INFO 2025-12-05 11:09:38,249 basehttp "GET /api/result/Date_Wise_Time/?student_id=73&course_id=1&test_type=fullLength HTTP/1.1" 200 73
INFO 2025-12-05 11:09:38,269 basehttp "GET /api/result/Subject_Wise_Practice/?student_id=73&course_id=1&test_type=fullLength HTTP/1.1" 200 247
INFO 2025-12-05 11:09:38,291 basehttp "GET /api/result/Subject_Wise_Accuracy/?student_id=73&course_id=1&test_type=fullLength HTTP/1.1" 200 236
INFO 2025-12-05 11:09:38,302 basehttp "GET /api/result/Subject_Wise_Time/?student_id=73&course_id=1&test_type=fullLength HTTP/1.1" 200 242
INFO 2025-12-05 11:13:37,176 basehttp "GET /api/course/list/ HTTP/1.1" 200 195
INFO 2025-12-05 11:13:37,258 basehttp "GET /api/course/list/ HTTP/1.1" 200 195
INFO 2025-12-05 11:13:37,376 basehttp "GET /api/result/Subject_Wise_Practice/?student_id=73&course_id=1&test_type=fullLength HTTP/1.1" 200 247
INFO 2025-12-05 11:13:37,452 basehttp "GET /api/result/Subject_Wise_Accuracy/?student_id=73&course_id=1&test_type=fullLength HTTP/1.1" 200 236
INFO 2025-12-05 11:13:37,507 basehttp "GET /api/result/Subject_Wise_Time/?student_id=73&course_id=1&test_type=fullLength HTTP/1.1" 200 242
INFO 2025-12-05 11:13:37,543 basehttp "GET /api/result/Date_Wise_Time/?student_id=73&course_id=1&test_type=fullLength HTTP/1.1" 200 73
INFO 2025-12-05 11:14:45,005 basehttp "GET /api/user/roles/ HTTP/1.1" 200 277
INFO 2025-12-05 11:14:45,087 basehttp "GET /api/user/roles/ HTTP/1.1" 200 277
INFO 2025-12-05 11:14:45,669 basehttp "GET /api/course/list/ HTTP/1.1" 200 195
INFO 2025-12-05 11:14:45,760 basehttp "GET /api/course/list/ HTTP/1.1" 200 195
INFO 2025-12-05 11:14:45,815 basehttp "GET /api/result/Subject_Wise_Practice/?student_id=73&course_id=1&test_type=fullLength HTTP/1.1" 200 247
INFO 2025-12-05 11:14:45,896 basehttp "GET /api/result/Subject_Wise_Accuracy/?student_id=73&course_id=1&test_type=fullLength HTTP/1.1" 200 236
INFO 2025-12-05 11:14:45,949 basehttp "GET /api/result/Subject_Wise_Time/?student_id=73&course_id=1&test_type=fullLength HTTP/1.1" 200 242
INFO 2025-12-05 11:14:46,013 basehttp "GET /api/result/Date_Wise_Time/?student_id=73&course_id=1&test_type=fullLength HTTP/1.1" 200 73
INFO 2025-12-05 11:14:59,974 basehttp "GET /api/user/roles/ HTTP/1.1" 200 277
INFO 2025-12-05 11:15:00,105 basehttp "GET /api/course/list/ HTTP/1.1" 200 195
INFO 2025-12-05 11:15:00,249 basehttp "GET /api/course/list/ HTTP/1.1" 200 195
INFO 2025-12-05 11:15:00,271 basehttp "GET /api/user/roles/ HTTP/1.1" 200 277
INFO 2025-12-05 11:15:00,292 basehttp "GET /api/result/Subject_Wise_Practice/?student_id=73&course_id=1&test_type=fullLength HTTP/1.1" 200 247
INFO 2025-12-05 11:15:00,461 basehttp "GET /api/result/Subject_Wise_Time/?student_id=73&course_id=1&test_type=fullLength HTTP/1.1" 200 242
INFO 2025-12-05 11:15:00,463 basehttp "GET /api/result/Subject_Wise_Accuracy/?student_id=73&course_id=1&test_type=fullLength HTTP/1.1" 200 236
INFO 2025-12-05 11:15:00,498 basehttp "GET /api/result/Date_Wise_Time/?student_id=73&course_id=1&test_type=fullLength HTTP/1.1" 200 73
INFO 2025-12-05 11:19:10,688 basehttp "GET /api/user/roles/ HTTP/1.1" 200 277
INFO 2025-12-05 11:19:10,851 basehttp "GET /api/user/roles/ HTTP/1.1" 200 277
INFO 2025-12-05 11:19:37,098 basehttp "GET /api/user/roles/ HTTP/1.1" 200 277
INFO 2025-12-05 11:19:37,221 basehttp "GET /api/user/roles/ HTTP/1.1" 200 277
INFO 2025-12-05 11:19:37,335 basehttp "GET /api/course/list/ HTTP/1.1" 200 195
INFO 2025-12-05 11:19:37,497 basehttp "GET /api/course/list/ HTTP/1.1" 200 195
INFO 2025-12-05 11:19:37,508 basehttp "GET /api/result/Subject_Wise_Accuracy/?student_id=73&course_id=1&test_type=fullLength HTTP/1.1" 200 236
INFO 2025-12-05 11:19:37,544 basehttp "GET /api/result/Subject_Wise_Time/?student_id=73&course_id=1&test_type=fullLength HTTP/1.1" 200 242
INFO 2025-12-05 11:19:37,576 basehttp "GET /api/result/Subject_Wise_Practice/?student_id=73&course_id=1&test_type=fullLength HTTP/1.1" 200 247
INFO 2025-12-05 11:19:37,671 basehttp "GET /api/result/Date_Wise_Time/?student_id=73&course_id=1&test_type=fullLength HTTP/1.1" 200 73
INFO 2025-12-05 11:20:10,018 basehttp "GET /api/result/Subject_Wise_Accuracy/?student_id=73&course_id=31&test_type=fullLength HTTP/1.1" 200 114
INFO 2025-12-05 11:20:10,020 basehttp "GET /api/result/Subject_Wise_Practice/?student_id=73&course_id=31&test_type=fullLength HTTP/1.1" 200 119
INFO 2025-12-05 11:20:10,027 basehttp "GET /api/result/Date_Wise_Time/?student_id=73&course_id=31&test_type=fullLength HTTP/1.1" 200 73
INFO 2025-12-05 11:20:10,032 basehttp "GET /api/result/Subject_Wise_Time/?student_id=73&course_id=31&test_type=fullLength HTTP/1.1" 200 120
INFO 2025-12-05 11:20:11,478 basehttp "GET /api/result/Subject_Wise_Practice/?student_id=73&course_id=31&test_type=practiceTest HTTP/1.1" 200 119
INFO 2025-12-05 11:20:11,479 basehttp "GET /api/result/Subject_Wise_Time/?student_id=73&course_id=31&test_type=practiceTest HTTP/1.1" 200 116
INFO 2025-12-05 11:20:11,481 basehttp "GET /api/result/Subject_Wise_Accuracy/?student_id=73&course_id=31&test_type=practiceTest HTTP/1.1" 200 113
INFO 2025-12-05 11:20:11,491 basehttp "GET /api/result/Date_Wise_Time/?student_id=73&course_id=31&test_type=practiceTest HTTP/1.1" 200 2
INFO 2025-12-05 11:20:17,380 basehttp "GET /api/result/Subject_Wise_Practice/?student_id=73&course_id=31&test_type=fullLength HTTP/1.1" 200 119
INFO 2025-12-05 11:20:17,382 basehttp "GET /api/result/Subject_Wise_Accuracy/?student_id=73&course_id=31&test_type=fullLength HTTP/1.1" 200 114
INFO 2025-12-05 11:20:17,387 basehttp "GET /api/result/Date_Wise_Time/?student_id=73&course_id=31&test_type=fullLength HTTP/1.1" 200 73
INFO 2025-12-05 11:20:17,396 basehttp "GET /api/result/Subject_Wise_Time/?student_id=73&course_id=31&test_type=fullLength HTTP/1.1" 200 120
INFO 2025-12-05 11:20:18,567 basehttp "GET /api/result/Date_Wise_Time/?student_id=73&course_id=1&test_type=fullLength HTTP/1.1" 200 73
INFO 2025-12-05 11:20:18,583 basehttp "GET /api/result/Subject_Wise_Practice/?student_id=73&course_id=1&test_type=fullLength HTTP/1.1" 200 247
INFO 2025-12-05 11:20:18,585 basehttp "GET /api/result/Subject_Wise_Time/?student_id=73&course_id=1&test_type=fullLength HTTP/1.1" 200 242
INFO 2025-12-05 11:20:18,608 basehttp "GET /api/result/Subject_Wise_Accuracy/?student_id=73&course_id=1&test_type=fullLength HTTP/1.1" 200 236
INFO 2025-12-05 16:00:05,315 autoreload C:\Users\OneTouch\Desktop\prashant_data\Backend-20250224T100201Z-001\Backend\sTest\settings.py changed, reloading.
INFO 2025-12-05 16:00:11,418 autoreload Watching for file changes with StatReloader
INFO 2025-12-05 16:02:09,411 autoreload C:\Users\OneTouch\Desktop\prashant_data\Backend-20250224T100201Z-001\Backend\sTest\settings.py changed, reloading.
INFO 2025-12-05 16:02:10,810 autoreload Watching for file changes with StatReloader
